<?xml version="1.0" encoding="UTF-8"?>
<!-- Generated by org.testng.reporters.JUnitReportReporter -->
<testsuite hostname="DESKTOP-UV8G2N5" failures="0" tests="2" name="webstaurantstore.tests.WebstaurantStoreTest" time="53.011" errors="0" timestamp="2024-03-12T12:00:52 EDT" skipped="0">
  <testcase classname="webstaurantstore.tests.WebstaurantStoreTest" name="addLastProductRemoveProductFromCart" time="25.599"/>
  <testcase classname="webstaurantstore.tests.WebstaurantStoreTest" name="addLastProductRemoveProductFromCart" time="27.412"/>
</testsuite> <!-- webstaurantstore.tests.WebstaurantStoreTest -->
